[19/Jul/2020 07:02:30] "GET / HTTP/1.1" 200 14935
[19/Jul/2020 07:02:31] "GET / HTTP/1.1" 200 14935
[19/Jul/2020 07:02:37] "GET / HTTP/1.1" 200 14935
[19/Jul/2020 07:02:38] "GET / HTTP/1.1" 200 14935
[19/Jul/2020 07:02:38] "GET / HTTP/1.1" 200 14935
[19/Jul/2020 07:02:38] "GET / HTTP/1.1" 200 14935
[19/Jul/2020 07:02:38] "GET / HTTP/1.1" 200 14935
[19/Jul/2020 07:02:48] "GET / HTTP/1.1" 200 14935
[19/Jul/2020 07:02:50] "GET /login/ HTTP/1.1" 200 2152
[19/Jul/2020 07:02:50] "GET /static/css/accounts.css HTTP/1.1" 200 201
[19/Jul/2020 07:02:50] "GET /static/css/img/circle-blues.png HTTP/1.1" 404 179
[19/Jul/2020 07:02:58] "POST /login/ HTTP/1.1" 200 2359
[19/Jul/2020 07:02:58] "GET /static/css/img/circle-blues.png HTTP/1.1" 404 179
[19/Jul/2020 07:03:09] "POST /login/ HTTP/1.1" 200 2366
[19/Jul/2020 07:03:09] "GET /static/css/img/circle-blues.png HTTP/1.1" 404 179
[19/Jul/2020 07:03:17] "POST /login/ HTTP/1.1" 200 2366
[19/Jul/2020 07:03:42] "POST /login/ HTTP/1.1" 200 2366
[19/Jul/2020 07:03:50] "POST /login/ HTTP/1.1" 200 2359
[19/Jul/2020 07:03:53] "GET /signup/ HTTP/1.1" 200 3015
[19/Jul/2020 07:04:12] "POST /signup/ HTTP/1.1" 200 3194
[19/Jul/2020 07:04:23] "GET /login/ HTTP/1.1" 200 2152
[19/Jul/2020 07:04:32] "POST /login/ HTTP/1.1" 200 2359
[19/Jul/2020 07:04:38] "POST /login/ HTTP/1.1" 302 0
[19/Jul/2020 07:04:39] "GET / HTTP/1.1" 200 15378
[19/Jul/2020 07:09:11] "GET / HTTP/1.1" 200 15378
[19/Jul/2020 07:09:12] "GET / HTTP/1.1" 200 15378
[19/Jul/2020 07:09:12] "GET / HTTP/1.1" 200 15378
[19/Jul/2020 07:09:12] "GET / HTTP/1.1" 200 15378
[19/Jul/2020 07:09:41] "GET / HTTP/1.1" 200 14935
[19/Jul/2020 07:09:42] "GET /static/css/app.css HTTP/1.1" 200 54
[19/Jul/2020 07:09:42] "GET /static/js/popper.min.js HTTP/1.1" 200 21257
[19/Jul/2020 07:09:42] "GET /static/js/jquery-3.4.1.min.js HTTP/1.1" 200 88145
[19/Jul/2020 07:09:44] "GET /static/css/bootstrap.css HTTP/1.1" 200 178159
[19/Jul/2020 07:09:44] "GET /static/js/bootstrap.js HTTP/1.1" 200 136323
[19/Jul/2020 07:09:45] "GET /favicon.ico HTTP/1.1" 404 179
[19/Jul/2020 07:10:25] "GET /login/ HTTP/1.1" 200 2152
[19/Jul/2020 07:10:26] "GET /static/css/accounts.css HTTP/1.1" 200 201
[19/Jul/2020 07:10:27] "GET /static/css/img/circle-blues.png HTTP/1.1" 404 179
[19/Jul/2020 07:10:28] "GET /favicon.ico HTTP/1.1" 404 179
[19/Jul/2020 07:10:29] "GET /signup/ HTTP/1.1" 200 3015
[19/Jul/2020 07:10:30] "GET /favicon.ico HTTP/1.1" 404 179
[19/Jul/2020 07:11:29] "POST /signup/ HTTP/1.1" 302 0
[19/Jul/2020 07:11:30] "GET / HTTP/1.1" 200 15385
[19/Jul/2020 07:11:30] "GET /favicon.ico HTTP/1.1" 404 179
[19/Jul/2020 07:11:50] "GET /reset/ HTTP/1.1" 200 1708
[19/Jul/2020 07:11:50] "GET /favicon.ico HTTP/1.1" 404 179
[19/Jul/2020 07:11:55] "GET /logout/ HTTP/1.1" 302 0
[19/Jul/2020 07:11:56] "GET / HTTP/1.1" 200 14935
[19/Jul/2020 07:11:56] "GET /favicon.ico HTTP/1.1" 404 179
